{"/home/sean/Documents/webdev/js/jest-tutorial/calculator.js": {"path":"/home/sean/Documents/webdev/js/jest-tutorial/calculator.js","all":false,"statementMap":{"0":{"start":{"line":1,"column":0},"end":{"line":1,"column":33}},"1":{"start":{"line":2,"column":0},"end":{"line":2,"column":39}},"2":{"start":{"line":3,"column":0},"end":{"line":3,"column":27}},"3":{"start":{"line":4,"column":0},"end":{"line":4,"column":5}},"4":{"start":{"line":5,"column":0},"end":{"line":5,"column":0}},"5":{"start":{"line":6,"column":0},"end":{"line":6,"column":44}},"6":{"start":{"line":7,"column":0},"end":{"line":7,"column":27}},"7":{"start":{"line":8,"column":0},"end":{"line":8,"column":5}},"8":{"start":{"line":9,"column":0},"end":{"line":9,"column":0}},"9":{"start":{"line":10,"column":0},"end":{"line":10,"column":44}},"10":{"start":{"line":11,"column":0},"end":{"line":11,"column":27}},"11":{"start":{"line":12,"column":0},"end":{"line":12,"column":5}},"12":{"start":{"line":13,"column":0},"end":{"line":13,"column":0}},"13":{"start":{"line":14,"column":0},"end":{"line":14,"column":42}},"14":{"start":{"line":15,"column":0},"end":{"line":15,"column":27}},"15":{"start":{"line":16,"column":0},"end":{"line":16,"column":5}},"16":{"start":{"line":17,"column":0},"end":{"line":17,"column":0}},"17":{"start":{"line":18,"column":0},"end":{"line":18,"column":12}},"18":{"start":{"line":19,"column":0},"end":{"line":19,"column":12}},"19":{"start":{"line":20,"column":0},"end":{"line":20,"column":17}},"20":{"start":{"line":21,"column":0},"end":{"line":21,"column":17}},"21":{"start":{"line":22,"column":0},"end":{"line":22,"column":15}},"22":{"start":{"line":23,"column":0},"end":{"line":23,"column":5}},"23":{"start":{"line":24,"column":0},"end":{"line":24,"column":5}},"24":{"start":{"line":25,"column":0},"end":{"line":25,"column":0}},"25":{"start":{"line":26,"column":0},"end":{"line":26,"column":26}}},"s":{"0":1,"1":1,"2":1,"3":1,"4":1,"5":1,"6":1,"7":1,"8":1,"9":1,"10":1,"11":1,"12":1,"13":1,"14":1,"15":1,"16":1,"17":1,"18":1,"19":1,"20":1,"21":1,"22":1,"23":1,"24":1,"25":1},"branchMap":{"0":{"type":"branch","line":1,"loc":{"start":{"line":1,"column":20},"end":{"line":24,"column":3}},"locations":[{"start":{"line":1,"column":20},"end":{"line":24,"column":3}}]},"1":{"type":"branch","line":2,"loc":{"start":{"line":2,"column":16},"end":{"line":4,"column":5}},"locations":[{"start":{"line":2,"column":16},"end":{"line":4,"column":5}}]},"2":{"type":"branch","line":6,"loc":{"start":{"line":6,"column":21},"end":{"line":8,"column":5}},"locations":[{"start":{"line":6,"column":21},"end":{"line":8,"column":5}}]},"3":{"type":"branch","line":10,"loc":{"start":{"line":10,"column":21},"end":{"line":12,"column":5}},"locations":[{"start":{"line":10,"column":21},"end":{"line":12,"column":5}}]},"4":{"type":"branch","line":14,"loc":{"start":{"line":14,"column":19},"end":{"line":16,"column":5}},"locations":[{"start":{"line":14,"column":19},"end":{"line":16,"column":5}}]}},"b":{"0":[1],"1":[1],"2":[1],"3":[1],"4":[1]},"fnMap":{"0":{"name":"add","decl":{"start":{"line":2,"column":16},"end":{"line":4,"column":5}},"loc":{"start":{"line":2,"column":16},"end":{"line":4,"column":5}},"line":2},"1":{"name":"subtract","decl":{"start":{"line":6,"column":21},"end":{"line":8,"column":5}},"loc":{"start":{"line":6,"column":21},"end":{"line":8,"column":5}},"line":6},"2":{"name":"multiply","decl":{"start":{"line":10,"column":21},"end":{"line":12,"column":5}},"loc":{"start":{"line":10,"column":21},"end":{"line":12,"column":5}},"line":10},"3":{"name":"divide","decl":{"start":{"line":14,"column":19},"end":{"line":16,"column":5}},"loc":{"start":{"line":14,"column":19},"end":{"line":16,"column":5}},"line":14}},"f":{"0":1,"1":1,"2":1,"3":1}}
,"/home/sean/Documents/webdev/js/jest-tutorial/odin-tutorial.js": {"path":"/home/sean/Documents/webdev/js/jest-tutorial/odin-tutorial.js","all":false,"statementMap":{"0":{"start":{"line":1,"column":0},"end":{"line":1,"column":25}},"1":{"start":{"line":2,"column":0},"end":{"line":2,"column":40}},"2":{"start":{"line":3,"column":0},"end":{"line":3,"column":76}},"3":{"start":{"line":4,"column":0},"end":{"line":4,"column":5}},"4":{"start":{"line":5,"column":0},"end":{"line":5,"column":0}},"5":{"start":{"line":6,"column":0},"end":{"line":6,"column":37}},"6":{"start":{"line":7,"column":0},"end":{"line":7,"column":57}},"7":{"start":{"line":8,"column":0},"end":{"line":8,"column":5}},"8":{"start":{"line":9,"column":0},"end":{"line":9,"column":0}},"9":{"start":{"line":10,"column":0},"end":{"line":10,"column":58}},"10":{"start":{"line":11,"column":0},"end":{"line":11,"column":64}},"11":{"start":{"line":12,"column":0},"end":{"line":12,"column":27}},"12":{"start":{"line":13,"column":0},"end":{"line":13,"column":47}},"13":{"start":{"line":14,"column":0},"end":{"line":14,"column":26}},"14":{"start":{"line":15,"column":0},"end":{"line":15,"column":0}},"15":{"start":{"line":16,"column":0},"end":{"line":16,"column":132}},"16":{"start":{"line":17,"column":0},"end":{"line":17,"column":31}},"17":{"start":{"line":18,"column":0},"end":{"line":18,"column":39}},"18":{"start":{"line":19,"column":0},"end":{"line":19,"column":46}},"19":{"start":{"line":20,"column":0},"end":{"line":20,"column":38}},"20":{"start":{"line":21,"column":0},"end":{"line":21,"column":46}},"21":{"start":{"line":22,"column":0},"end":{"line":22,"column":20}},"22":{"start":{"line":23,"column":0},"end":{"line":23,"column":61}},"23":{"start":{"line":24,"column":0},"end":{"line":24,"column":35}},"24":{"start":{"line":25,"column":0},"end":{"line":25,"column":13}},"25":{"start":{"line":26,"column":0},"end":{"line":26,"column":0}},"26":{"start":{"line":27,"column":0},"end":{"line":27,"column":75}},"27":{"start":{"line":28,"column":0},"end":{"line":28,"column":52}},"28":{"start":{"line":29,"column":0},"end":{"line":29,"column":13}},"29":{"start":{"line":30,"column":0},"end":{"line":30,"column":0}},"30":{"start":{"line":31,"column":0},"end":{"line":31,"column":46}},"31":{"start":{"line":32,"column":0},"end":{"line":32,"column":0}},"32":{"start":{"line":33,"column":0},"end":{"line":33,"column":11}},"33":{"start":{"line":34,"column":0},"end":{"line":34,"column":0}},"34":{"start":{"line":35,"column":0},"end":{"line":35,"column":25}},"35":{"start":{"line":36,"column":0},"end":{"line":36,"column":6}},"36":{"start":{"line":37,"column":0},"end":{"line":37,"column":0}},"37":{"start":{"line":38,"column":0},"end":{"line":38,"column":41}},"38":{"start":{"line":39,"column":0},"end":{"line":39,"column":60}},"39":{"start":{"line":40,"column":0},"end":{"line":40,"column":41}},"40":{"start":{"line":41,"column":0},"end":{"line":41,"column":34}},"41":{"start":{"line":42,"column":0},"end":{"line":42,"column":27}},"42":{"start":{"line":43,"column":0},"end":{"line":43,"column":31}},"43":{"start":{"line":44,"column":0},"end":{"line":44,"column":34}},"44":{"start":{"line":45,"column":0},"end":{"line":45,"column":0}},"45":{"start":{"line":46,"column":0},"end":{"line":46,"column":44}},"46":{"start":{"line":47,"column":0},"end":{"line":47,"column":0}},"47":{"start":{"line":48,"column":0},"end":{"line":48,"column":5}},"48":{"start":{"line":49,"column":0},"end":{"line":49,"column":0}},"49":{"start":{"line":50,"column":0},"end":{"line":50,"column":12}},"50":{"start":{"line":51,"column":0},"end":{"line":51,"column":19}},"51":{"start":{"line":52,"column":0},"end":{"line":52,"column":16}},"52":{"start":{"line":53,"column":0},"end":{"line":53,"column":21}},"53":{"start":{"line":54,"column":0},"end":{"line":54,"column":21}},"54":{"start":{"line":55,"column":0},"end":{"line":55,"column":5}},"55":{"start":{"line":56,"column":0},"end":{"line":56,"column":5}},"56":{"start":{"line":57,"column":0},"end":{"line":57,"column":0}},"57":{"start":{"line":58,"column":0},"end":{"line":58,"column":18}}},"s":{"0":1,"1":1,"2":1,"3":1,"4":1,"5":1,"6":1,"7":1,"8":1,"9":1,"10":3,"11":3,"12":3,"13":21,"14":21,"15":21,"16":21,"17":3,"18":3,"19":21,"20":15,"21":18,"22":3,"23":3,"24":3,"25":21,"26":21,"27":5,"28":5,"29":21,"30":21,"31":21,"32":3,"33":3,"34":3,"35":1,"36":1,"37":1,"38":1,"39":1,"40":1,"41":1,"42":1,"43":1,"44":1,"45":1,"46":1,"47":1,"48":1,"49":1,"50":1,"51":1,"52":1,"53":1,"54":1,"55":1,"56":1,"57":1},"branchMap":{"0":{"type":"branch","line":1,"loc":{"start":{"line":1,"column":12},"end":{"line":56,"column":3}},"locations":[{"start":{"line":1,"column":12},"end":{"line":56,"column":3}}]},"1":{"type":"branch","line":2,"loc":{"start":{"line":2,"column":23},"end":{"line":4,"column":5}},"locations":[{"start":{"line":2,"column":23},"end":{"line":4,"column":5}}]},"2":{"type":"branch","line":6,"loc":{"start":{"line":6,"column":20},"end":{"line":8,"column":5}},"locations":[{"start":{"line":6,"column":20},"end":{"line":8,"column":5}}]},"3":{"type":"branch","line":10,"loc":{"start":{"line":10,"column":25},"end":{"line":36,"column":5}},"locations":[{"start":{"line":10,"column":25},"end":{"line":36,"column":5}}]},"4":{"type":"branch","line":13,"loc":{"start":{"line":13,"column":35},"end":{"line":33,"column":9}},"locations":[{"start":{"line":13,"column":35},"end":{"line":33,"column":9}}]},"5":{"type":"branch","line":16,"loc":{"start":{"line":16,"column":71},"end":{"line":16,"column":126}},"locations":[{"start":{"line":16,"column":71},"end":{"line":16,"column":126}}]},"6":{"type":"branch","line":16,"loc":{"start":{"line":16,"column":126},"end":{"line":16,"column":131}},"locations":[{"start":{"line":16,"column":126},"end":{"line":16,"column":131}}]},"7":{"type":"branch","line":17,"loc":{"start":{"line":17,"column":30},"end":{"line":20,"column":13}},"locations":[{"start":{"line":17,"column":30},"end":{"line":20,"column":13}}]},"8":{"type":"branch","line":20,"loc":{"start":{"line":20,"column":13},"end":{"line":25,"column":13}},"locations":[{"start":{"line":20,"column":13},"end":{"line":25,"column":13}}]},"9":{"type":"branch","line":20,"loc":{"start":{"line":20,"column":37},"end":{"line":22,"column":13}},"locations":[{"start":{"line":20,"column":37},"end":{"line":22,"column":13}}]},"10":{"type":"branch","line":22,"loc":{"start":{"line":22,"column":13},"end":{"line":25,"column":13}},"locations":[{"start":{"line":22,"column":13},"end":{"line":25,"column":13}}]},"11":{"type":"branch","line":27,"loc":{"start":{"line":27,"column":47},"end":{"line":27,"column":72}},"locations":[{"start":{"line":27,"column":47},"end":{"line":27,"column":72}}]},"12":{"type":"branch","line":27,"loc":{"start":{"line":27,"column":74},"end":{"line":29,"column":13}},"locations":[{"start":{"line":27,"column":74},"end":{"line":29,"column":13}}]},"13":{"type":"branch","line":38,"loc":{"start":{"line":38,"column":25},"end":{"line":48,"column":5}},"locations":[{"start":{"line":38,"column":25},"end":{"line":48,"column":5}}]},"14":{"type":"branch","line":39,"loc":{"start":{"line":39,"column":31},"end":{"line":39,"column":58}},"locations":[{"start":{"line":39,"column":31},"end":{"line":39,"column":58}}]},"15":{"type":"branch","line":41,"loc":{"start":{"line":41,"column":17},"end":{"line":41,"column":32}},"locations":[{"start":{"line":41,"column":17},"end":{"line":41,"column":32}}]}},"b":{"0":[1],"1":[1],"2":[1],"3":[3],"4":[21],"5":[18],"6":[3],"7":[3],"8":[18],"9":[15],"10":[3],"11":[8],"12":[5],"13":[1],"14":[5],"15":[11]},"fnMap":{"0":{"name":"capitalize","decl":{"start":{"line":2,"column":23},"end":{"line":4,"column":5}},"loc":{"start":{"line":2,"column":23},"end":{"line":4,"column":5}},"line":2},"1":{"name":"reverse","decl":{"start":{"line":6,"column":20},"end":{"line":8,"column":5}},"loc":{"start":{"line":6,"column":20},"end":{"line":8,"column":5}},"line":6},"2":{"name":"caesarCipher","decl":{"start":{"line":10,"column":25},"end":{"line":36,"column":5}},"loc":{"start":{"line":10,"column":25},"end":{"line":36,"column":5}},"line":10},"3":{"name":"analyzeArray","decl":{"start":{"line":38,"column":25},"end":{"line":48,"column":5}},"loc":{"start":{"line":38,"column":25},"end":{"line":48,"column":5}},"line":38}},"f":{"0":1,"1":1,"2":3,"3":1}}
}
