TN:
SF:calculator.js
FN:2,add
FN:6,subtract
FN:10,multiply
FN:14,divide
FNF:4
FNH:4
FNDA:1,add
FNDA:1,subtract
FNDA:1,multiply
FNDA:1,divide
DA:1,1
DA:2,1
DA:3,1
DA:4,1
DA:5,1
DA:6,1
DA:7,1
DA:8,1
DA:9,1
DA:10,1
DA:11,1
DA:12,1
DA:13,1
DA:14,1
DA:15,1
DA:16,1
DA:17,1
DA:18,1
DA:19,1
DA:20,1
DA:21,1
DA:22,1
DA:23,1
DA:24,1
DA:25,1
DA:26,1
LF:26
LH:26
BRDA:1,0,0,1
BRDA:2,1,0,1
BRDA:6,2,0,1
BRDA:10,3,0,1
BRDA:14,4,0,1
BRF:5
BRH:5
end_of_record
TN:
SF:odin-tutorial.js
FN:2,capitalize
FN:6,reverse
FN:10,caesarCipher
FN:38,analyzeArray
FNF:4
FNH:4
FNDA:1,capitalize
FNDA:1,reverse
FNDA:3,caesarCipher
FNDA:1,analyzeArray
DA:1,1
DA:2,1
DA:3,1
DA:4,1
DA:5,1
DA:6,1
DA:7,1
DA:8,1
DA:9,1
DA:10,1
DA:11,3
DA:12,3
DA:13,3
DA:14,21
DA:15,21
DA:16,21
DA:17,21
DA:18,3
DA:19,3
DA:20,21
DA:21,15
DA:22,18
DA:23,3
DA:24,3
DA:25,3
DA:26,21
DA:27,21
DA:28,5
DA:29,5
DA:30,21
DA:31,21
DA:32,21
DA:33,3
DA:34,3
DA:35,3
DA:36,1
DA:37,1
DA:38,1
DA:39,1
DA:40,1
DA:41,1
DA:42,1
DA:43,1
DA:44,1
DA:45,1
DA:46,1
DA:47,1
DA:48,1
DA:49,1
DA:50,1
DA:51,1
DA:52,1
DA:53,1
DA:54,1
DA:55,1
DA:56,1
DA:57,1
DA:58,1
LF:58
LH:58
BRDA:1,0,0,1
BRDA:2,1,0,1
BRDA:6,2,0,1
BRDA:10,3,0,3
BRDA:13,4,0,21
BRDA:16,5,0,18
BRDA:16,6,0,3
BRDA:17,7,0,3
BRDA:20,8,0,18
BRDA:20,9,0,15
BRDA:22,10,0,3
BRDA:27,11,0,8
BRDA:27,12,0,5
BRDA:38,13,0,1
BRDA:39,14,0,5
BRDA:41,15,0,11
BRF:16
BRH:16
end_of_record
